2024-06-19 15:53:22,750 INFO o.s.b.StartupInfoLogger [main] Starting RecoveryApplication using Java 19.0.1 with PID 16632 (D:\Dimas\Projects\Recovery Excel\recovery\target\classes started by hand_ in D:\Dimas\Projects\Recovery Excel\recovery)
2024-06-19 15:53:22,752 DEBUG o.s.b.StartupInfoLogger [main] Running with Spring Boot v3.1.2, Spring v6.0.11
2024-06-19 15:53:22,753 INFO o.s.b.SpringApplication [main] No active profile set, falling back to 1 default profile: "default"
2024-06-19 15:53:24,007 INFO o.s.b.w.e.t.TomcatWebServer [main] Tomcat initialized with port(s): 8380 (http)
2024-06-19 15:53:24,018 INFO o.a.j.l.DirectJDKLog [main] Initializing ProtocolHandler ["http-nio-8380"]
2024-06-19 15:53:24,025 INFO o.a.j.l.DirectJDKLog [main] Starting service [Tomcat]
2024-06-19 15:53:24,028 INFO o.a.j.l.DirectJDKLog [main] Starting Servlet engine: [Apache Tomcat/10.1.11]
2024-06-19 15:53:24,216 INFO o.a.j.l.DirectJDKLog [main] Initializing Spring embedded WebApplicationContext
2024-06-19 15:53:24,218 INFO o.s.b.w.s.c.ServletWebServerApplicationContext [main] Root WebApplicationContext: initialization completed in 1363 ms
2024-06-19 15:53:24,478 INFO o.s.b.a.w.s.WelcomePageHandlerMapping [main] Adding welcome page: class path resource [static/index.html]
2024-06-19 15:53:24,609 WARN o.s.b.a.t.ThymeleafAutoConfiguration$DefaultTemplateResolverConfiguration [main] Cannot find template location: classpath:/templates/ (please add some templates, check your Thymeleaf configuration, or set spring.thymeleaf.check-template-location=false)
2024-06-19 15:53:24,643 INFO o.a.j.l.DirectJDKLog [main] Starting ProtocolHandler ["http-nio-8380"]
2024-06-19 15:53:24,680 INFO o.s.b.w.e.t.TomcatWebServer [main] Tomcat started on port(s): 8380 (http) with context path ''
2024-06-19 15:53:24,689 INFO o.s.b.StartupInfoLogger [main] Started RecoveryApplication in 2.637 seconds (process running for 2.979)
2024-06-19 15:53:35,142 INFO o.a.j.l.DirectJDKLog [http-nio-8380-exec-1] Initializing Spring DispatcherServlet 'dispatcherServlet'
2024-06-19 15:53:35,142 INFO o.s.w.s.FrameworkServlet [http-nio-8380-exec-1] Initializing Servlet 'dispatcherServlet'
2024-06-19 15:53:35,142 INFO o.s.w.s.FrameworkServlet [http-nio-8380-exec-1] Completed initialization in 0 ms
2024-06-19 15:53:46,543 WARN o.s.w.s.h.AbstractHandlerExceptionResolver [http-nio-8380-exec-4] Resolved [org.springframework.web.method.annotation.MethodArgumentConversionNotSupportedException: Failed to convert value of type 'java.lang.String' to required type 'com.bleizing.recovery.dto.request.UploadRequest'; Cannot convert value of type 'java.lang.String' to required type 'com.bleizing.recovery.dto.request.UploadRequest': no matching editors or conversion strategy found]
2024-06-19 15:54:29,884 INFO o.s.b.StartupInfoLogger [main] Starting RecoveryApplication using Java 19.0.1 with PID 7980 (D:\Dimas\Projects\Recovery Excel\recovery\target\classes started by hand_ in D:\Dimas\Projects\Recovery Excel\recovery)
2024-06-19 15:54:29,887 DEBUG o.s.b.StartupInfoLogger [main] Running with Spring Boot v3.1.2, Spring v6.0.11
2024-06-19 15:54:29,888 INFO o.s.b.SpringApplication [main] No active profile set, falling back to 1 default profile: "default"
2024-06-19 15:54:30,719 INFO o.s.b.w.e.t.TomcatWebServer [main] Tomcat initialized with port(s): 8380 (http)
2024-06-19 15:54:30,727 INFO o.a.j.l.DirectJDKLog [main] Initializing ProtocolHandler ["http-nio-8380"]
2024-06-19 15:54:30,731 INFO o.a.j.l.DirectJDKLog [main] Starting service [Tomcat]
2024-06-19 15:54:30,731 INFO o.a.j.l.DirectJDKLog [main] Starting Servlet engine: [Apache Tomcat/10.1.11]
2024-06-19 15:54:30,822 INFO o.a.j.l.DirectJDKLog [main] Initializing Spring embedded WebApplicationContext
2024-06-19 15:54:30,823 INFO o.s.b.w.s.c.ServletWebServerApplicationContext [main] Root WebApplicationContext: initialization completed in 861 ms
2024-06-19 15:54:31,002 INFO o.s.b.a.w.s.WelcomePageHandlerMapping [main] Adding welcome page: class path resource [static/index.html]
2024-06-19 15:54:31,090 WARN o.s.b.a.t.ThymeleafAutoConfiguration$DefaultTemplateResolverConfiguration [main] Cannot find template location: classpath:/templates/ (please add some templates, check your Thymeleaf configuration, or set spring.thymeleaf.check-template-location=false)
2024-06-19 15:54:31,127 INFO o.a.j.l.DirectJDKLog [main] Starting ProtocolHandler ["http-nio-8380"]
2024-06-19 15:54:31,147 INFO o.s.b.w.e.t.TomcatWebServer [main] Tomcat started on port(s): 8380 (http) with context path ''
2024-06-19 15:54:31,156 INFO o.s.b.StartupInfoLogger [main] Started RecoveryApplication in 1.818 seconds (process running for 2.137)
2024-06-19 15:54:40,660 INFO o.a.j.l.DirectJDKLog [http-nio-8380-exec-1] Initializing Spring DispatcherServlet 'dispatcherServlet'
2024-06-19 15:54:40,660 INFO o.s.w.s.FrameworkServlet [http-nio-8380-exec-1] Initializing Servlet 'dispatcherServlet'
2024-06-19 15:54:40,660 INFO o.s.w.s.FrameworkServlet [http-nio-8380-exec-1] Completed initialization in 0 ms
2024-06-19 15:54:49,735 WARN o.s.w.s.h.AbstractHandlerExceptionResolver [http-nio-8380-exec-2] Resolved [org.springframework.web.HttpMediaTypeNotSupportedException: Content-Type 'application/octet-stream' is not supported]
2024-06-19 15:56:14,740 INFO o.s.b.StartupInfoLogger [main] Starting RecoveryApplication using Java 19.0.1 with PID 28576 (D:\Dimas\Projects\Recovery Excel\recovery\target\classes started by hand_ in D:\Dimas\Projects\Recovery Excel\recovery)
2024-06-19 15:56:14,743 DEBUG o.s.b.StartupInfoLogger [main] Running with Spring Boot v3.1.2, Spring v6.0.11
2024-06-19 15:56:14,744 INFO o.s.b.SpringApplication [main] No active profile set, falling back to 1 default profile: "default"
2024-06-19 15:56:15,589 INFO o.s.b.w.e.t.TomcatWebServer [main] Tomcat initialized with port(s): 8380 (http)
2024-06-19 15:56:15,599 INFO o.a.j.l.DirectJDKLog [main] Initializing ProtocolHandler ["http-nio-8380"]
2024-06-19 15:56:15,602 INFO o.a.j.l.DirectJDKLog [main] Starting service [Tomcat]
2024-06-19 15:56:15,603 INFO o.a.j.l.DirectJDKLog [main] Starting Servlet engine: [Apache Tomcat/10.1.11]
2024-06-19 15:56:15,695 INFO o.a.j.l.DirectJDKLog [main] Initializing Spring embedded WebApplicationContext
2024-06-19 15:56:15,696 INFO o.s.b.w.s.c.ServletWebServerApplicationContext [main] Root WebApplicationContext: initialization completed in 882 ms
2024-06-19 15:56:15,879 INFO o.s.b.a.w.s.WelcomePageHandlerMapping [main] Adding welcome page: class path resource [static/index.html]
2024-06-19 15:56:15,961 WARN o.s.b.a.t.ThymeleafAutoConfiguration$DefaultTemplateResolverConfiguration [main] Cannot find template location: classpath:/templates/ (please add some templates, check your Thymeleaf configuration, or set spring.thymeleaf.check-template-location=false)
2024-06-19 15:56:15,999 INFO o.a.j.l.DirectJDKLog [main] Starting ProtocolHandler ["http-nio-8380"]
2024-06-19 15:56:16,020 INFO o.s.b.w.e.t.TomcatWebServer [main] Tomcat started on port(s): 8380 (http) with context path ''
2024-06-19 15:56:16,028 INFO o.s.b.StartupInfoLogger [main] Started RecoveryApplication in 1.784 seconds (process running for 2.084)
2024-06-19 15:56:46,956 INFO o.a.j.l.DirectJDKLog [http-nio-8380-exec-1] Initializing Spring DispatcherServlet 'dispatcherServlet'
2024-06-19 15:56:46,956 INFO o.s.w.s.FrameworkServlet [http-nio-8380-exec-1] Initializing Servlet 'dispatcherServlet'
2024-06-19 15:56:46,963 INFO o.s.w.s.FrameworkServlet [http-nio-8380-exec-1] Completed initialization in 7 ms
2024-06-19 15:56:55,177 WARN o.s.w.s.h.AbstractHandlerExceptionResolver [http-nio-8380-exec-9] Resolved [org.springframework.web.HttpMediaTypeNotSupportedException: Content-Type 'application/octet-stream' is not supported]
2024-06-19 15:59:26,119 INFO c.b.r.c.FileController [http-nio-8380-exec-7] process upload file = test.xlsx
2024-06-19 15:59:26,119 INFO c.b.r.s.FileStorageService [http-nio-8380-exec-7] store file test.xlsx success
2024-06-19 15:59:26,119 INFO c.b.r.c.FileController [http-nio-8380-exec-7] Uploaded the file successfully: test.xlsx with name test.xlsx
2024-06-19 15:59:26,119 INFO c.b.r.s.PdfService [http-nio-8380-exec-7] create pdf file = GeneratedSQL-1718787566119.pdf
2024-06-19 15:59:26,999 INFO c.b.r.s.PdfService [http-nio-8380-exec-7] end of create pdf
2024-06-19 16:01:57,609 INFO o.s.b.StartupInfoLogger [main] Starting RecoveryApplication using Java 19.0.1 with PID 7860 (D:\Dimas\Projects\Recovery Excel\recovery\target\classes started by hand_ in D:\Dimas\Projects\Recovery Excel\recovery)
2024-06-19 16:01:57,611 DEBUG o.s.b.StartupInfoLogger [main] Running with Spring Boot v3.1.2, Spring v6.0.11
2024-06-19 16:01:57,612 INFO o.s.b.SpringApplication [main] No active profile set, falling back to 1 default profile: "default"
2024-06-19 16:01:58,496 INFO o.s.b.w.e.t.TomcatWebServer [main] Tomcat initialized with port(s): 8380 (http)
2024-06-19 16:01:58,504 INFO o.a.j.l.DirectJDKLog [main] Initializing ProtocolHandler ["http-nio-8380"]
2024-06-19 16:01:58,507 INFO o.a.j.l.DirectJDKLog [main] Starting service [Tomcat]
2024-06-19 16:01:58,508 INFO o.a.j.l.DirectJDKLog [main] Starting Servlet engine: [Apache Tomcat/10.1.11]
2024-06-19 16:01:58,611 INFO o.a.j.l.DirectJDKLog [main] Initializing Spring embedded WebApplicationContext
2024-06-19 16:01:58,613 INFO o.s.b.w.s.c.ServletWebServerApplicationContext [main] Root WebApplicationContext: initialization completed in 942 ms
2024-06-19 16:01:58,807 INFO o.s.b.a.w.s.WelcomePageHandlerMapping [main] Adding welcome page: class path resource [static/index.html]
2024-06-19 16:01:58,922 WARN o.s.b.a.t.ThymeleafAutoConfiguration$DefaultTemplateResolverConfiguration [main] Cannot find template location: classpath:/templates/ (please add some templates, check your Thymeleaf configuration, or set spring.thymeleaf.check-template-location=false)
2024-06-19 16:01:58,964 INFO o.a.j.l.DirectJDKLog [main] Starting ProtocolHandler ["http-nio-8380"]
2024-06-19 16:01:58,991 INFO o.s.b.w.e.t.TomcatWebServer [main] Tomcat started on port(s): 8380 (http) with context path ''
2024-06-19 16:01:59,002 INFO o.s.b.StartupInfoLogger [main] Started RecoveryApplication in 1.929 seconds (process running for 2.299)
2024-06-19 16:02:02,733 INFO o.a.j.l.DirectJDKLog [http-nio-8380-exec-1] Initializing Spring DispatcherServlet 'dispatcherServlet'
2024-06-19 16:02:02,733 INFO o.s.w.s.FrameworkServlet [http-nio-8380-exec-1] Initializing Servlet 'dispatcherServlet'
2024-06-19 16:02:02,734 INFO o.s.w.s.FrameworkServlet [http-nio-8380-exec-1] Completed initialization in 0 ms
2024-06-19 16:02:10,468 WARN o.s.w.s.h.AbstractHandlerExceptionResolver [http-nio-8380-exec-4] Resolved [org.springframework.web.HttpMediaTypeNotSupportedException: Content-Type 'application/octet-stream' is not supported]
2024-06-19 16:04:36,251 INFO o.s.b.StartupInfoLogger [main] Starting RecoveryApplication using Java 19.0.1 with PID 26720 (D:\Dimas\Projects\Recovery Excel\recovery\target\classes started by hand_ in D:\Dimas\Projects\Recovery Excel\recovery)
2024-06-19 16:04:36,253 DEBUG o.s.b.StartupInfoLogger [main] Running with Spring Boot v3.1.2, Spring v6.0.11
2024-06-19 16:04:36,254 INFO o.s.b.SpringApplication [main] No active profile set, falling back to 1 default profile: "default"
2024-06-19 16:04:37,263 INFO o.s.b.w.e.t.TomcatWebServer [main] Tomcat initialized with port(s): 8380 (http)
2024-06-19 16:04:37,279 INFO o.a.j.l.DirectJDKLog [main] Initializing ProtocolHandler ["http-nio-8380"]
2024-06-19 16:04:37,284 INFO o.a.j.l.DirectJDKLog [main] Starting service [Tomcat]
2024-06-19 16:04:37,289 INFO o.a.j.l.DirectJDKLog [main] Starting Servlet engine: [Apache Tomcat/10.1.11]
2024-06-19 16:04:37,427 INFO o.a.j.l.DirectJDKLog [main] Initializing Spring embedded WebApplicationContext
2024-06-19 16:04:37,428 INFO o.s.b.w.s.c.ServletWebServerApplicationContext [main] Root WebApplicationContext: initialization completed in 1112 ms
2024-06-19 16:04:37,635 INFO o.s.b.a.w.s.WelcomePageHandlerMapping [main] Adding welcome page: class path resource [static/index.html]
2024-06-19 16:04:37,758 WARN o.s.b.a.t.ThymeleafAutoConfiguration$DefaultTemplateResolverConfiguration [main] Cannot find template location: classpath:/templates/ (please add some templates, check your Thymeleaf configuration, or set spring.thymeleaf.check-template-location=false)
2024-06-19 16:04:37,796 INFO o.a.j.l.DirectJDKLog [main] Starting ProtocolHandler ["http-nio-8380"]
2024-06-19 16:04:37,818 INFO o.s.b.w.e.t.TomcatWebServer [main] Tomcat started on port(s): 8380 (http) with context path ''
2024-06-19 16:04:37,830 INFO o.s.b.StartupInfoLogger [main] Started RecoveryApplication in 2.088 seconds (process running for 2.448)
2024-06-19 16:04:37,966 INFO o.a.j.l.DirectJDKLog [http-nio-8380-exec-2] Initializing Spring DispatcherServlet 'dispatcherServlet'
2024-06-19 16:04:37,967 INFO o.s.w.s.FrameworkServlet [http-nio-8380-exec-2] Initializing Servlet 'dispatcherServlet'
2024-06-19 16:04:37,968 INFO o.s.w.s.FrameworkServlet [http-nio-8380-exec-2] Completed initialization in 0 ms
2024-06-19 16:04:45,892 WARN o.s.w.s.h.AbstractHandlerExceptionResolver [http-nio-8380-exec-3] Resolved [org.springframework.web.HttpMediaTypeNotSupportedException: Content-Type 'application/octet-stream' is not supported]
2024-06-19 16:06:39,277 INFO o.s.b.StartupInfoLogger [main] Starting RecoveryApplication using Java 19.0.1 with PID 10800 (D:\Dimas\Projects\Recovery Excel\recovery\target\classes started by hand_ in D:\Dimas\Projects\Recovery Excel\recovery)
2024-06-19 16:06:39,278 DEBUG o.s.b.StartupInfoLogger [main] Running with Spring Boot v3.1.2, Spring v6.0.11
2024-06-19 16:06:39,279 INFO o.s.b.SpringApplication [main] No active profile set, falling back to 1 default profile: "default"
2024-06-19 16:06:40,147 INFO o.s.b.w.e.t.TomcatWebServer [main] Tomcat initialized with port(s): 8380 (http)
2024-06-19 16:06:40,155 INFO o.a.j.l.DirectJDKLog [main] Initializing ProtocolHandler ["http-nio-8380"]
2024-06-19 16:06:40,159 INFO o.a.j.l.DirectJDKLog [main] Starting service [Tomcat]
2024-06-19 16:06:40,159 INFO o.a.j.l.DirectJDKLog [main] Starting Servlet engine: [Apache Tomcat/10.1.11]
2024-06-19 16:06:40,257 INFO o.a.j.l.DirectJDKLog [main] Initializing Spring embedded WebApplicationContext
2024-06-19 16:06:40,258 INFO o.s.b.w.s.c.ServletWebServerApplicationContext [main] Root WebApplicationContext: initialization completed in 911 ms
2024-06-19 16:06:40,480 INFO o.s.b.a.w.s.WelcomePageHandlerMapping [main] Adding welcome page: class path resource [static/index.html]
2024-06-19 16:06:40,591 WARN o.s.b.a.t.ThymeleafAutoConfiguration$DefaultTemplateResolverConfiguration [main] Cannot find template location: classpath:/templates/ (please add some templates, check your Thymeleaf configuration, or set spring.thymeleaf.check-template-location=false)
2024-06-19 16:06:40,629 INFO o.a.j.l.DirectJDKLog [main] Starting ProtocolHandler ["http-nio-8380"]
2024-06-19 16:06:40,657 INFO o.s.b.w.e.t.TomcatWebServer [main] Tomcat started on port(s): 8380 (http) with context path ''
2024-06-19 16:06:40,667 INFO o.s.b.StartupInfoLogger [main] Started RecoveryApplication in 1.955 seconds (process running for 2.412)
2024-06-19 16:06:43,754 INFO o.a.j.l.DirectJDKLog [http-nio-8380-exec-1] Initializing Spring DispatcherServlet 'dispatcherServlet'
2024-06-19 16:06:43,755 INFO o.s.w.s.FrameworkServlet [http-nio-8380-exec-1] Initializing Servlet 'dispatcherServlet'
2024-06-19 16:06:43,762 INFO o.s.w.s.FrameworkServlet [http-nio-8380-exec-1] Completed initialization in 4 ms
2024-06-19 16:06:51,862 WARN o.s.w.s.h.AbstractHandlerExceptionResolver [http-nio-8380-exec-3] Resolved [org.springframework.web.HttpMediaTypeNotSupportedException: Content-Type 'application/octet-stream' is not supported]
2024-06-19 16:15:17,281 INFO o.s.b.StartupInfoLogger [main] Starting RecoveryApplication using Java 19.0.1 with PID 5964 (D:\Dimas\Projects\Recovery Excel\recovery\target\classes started by hand_ in D:\Dimas\Projects\Recovery Excel\recovery)
2024-06-19 16:15:17,282 DEBUG o.s.b.StartupInfoLogger [main] Running with Spring Boot v3.1.2, Spring v6.0.11
2024-06-19 16:15:17,283 INFO o.s.b.SpringApplication [main] No active profile set, falling back to 1 default profile: "default"
2024-06-19 16:15:18,190 INFO o.s.b.w.e.t.TomcatWebServer [main] Tomcat initialized with port(s): 8380 (http)
2024-06-19 16:15:18,199 INFO o.a.j.l.DirectJDKLog [main] Initializing ProtocolHandler ["http-nio-8380"]
2024-06-19 16:15:18,203 INFO o.a.j.l.DirectJDKLog [main] Starting service [Tomcat]
2024-06-19 16:15:18,204 INFO o.a.j.l.DirectJDKLog [main] Starting Servlet engine: [Apache Tomcat/10.1.11]
2024-06-19 16:15:18,302 INFO o.a.j.l.DirectJDKLog [main] Initializing Spring embedded WebApplicationContext
2024-06-19 16:15:18,303 INFO o.s.b.w.s.c.ServletWebServerApplicationContext [main] Root WebApplicationContext: initialization completed in 947 ms
2024-06-19 16:15:18,564 INFO o.s.b.a.w.s.WelcomePageHandlerMapping [main] Adding welcome page: class path resource [static/index.html]
2024-06-19 16:15:18,698 WARN o.s.b.a.t.ThymeleafAutoConfiguration$DefaultTemplateResolverConfiguration [main] Cannot find template location: classpath:/templates/ (please add some templates, check your Thymeleaf configuration, or set spring.thymeleaf.check-template-location=false)
2024-06-19 16:15:18,735 INFO o.a.j.l.DirectJDKLog [main] Starting ProtocolHandler ["http-nio-8380"]
2024-06-19 16:15:18,767 INFO o.s.b.w.e.t.TomcatWebServer [main] Tomcat started on port(s): 8380 (http) with context path ''
2024-06-19 16:15:18,780 INFO o.s.b.StartupInfoLogger [main] Started RecoveryApplication in 2.056 seconds (process running for 2.454)
2024-06-19 16:15:18,919 INFO o.a.j.l.DirectJDKLog [http-nio-8380-exec-1] Initializing Spring DispatcherServlet 'dispatcherServlet'
2024-06-19 16:15:18,919 INFO o.s.w.s.FrameworkServlet [http-nio-8380-exec-1] Initializing Servlet 'dispatcherServlet'
2024-06-19 16:15:18,921 INFO o.s.w.s.FrameworkServlet [http-nio-8380-exec-1] Completed initialization in 1 ms
2024-06-19 16:15:23,063 ERROR o.a.j.l.DirectJDKLog [http-nio-8380-exec-7] Servlet.service() for servlet [dispatcherServlet] in context with path [] threw exception [Handler dispatch failed: java.lang.Error: Unresolved compilation problem: 
	The local variable request may not have been initialized
] with root cause
java.lang.Error: Unresolved compilation problem: 
	The local variable request may not have been initialized

	at com.bleizing.recovery.controller.FileController.uploadFile(FileController.java:83)
	at java.base/jdk.internal.reflect.DirectMethodHandleAccessor.invoke(DirectMethodHandleAccessor.java:104)
	at java.base/java.lang.reflect.Method.invoke(Method.java:578)
	at org.springframework.web.method.support.InvocableHandlerMethod.doInvoke(InvocableHandlerMethod.java:205)
	at org.springframework.web.method.support.InvocableHandlerMethod.invokeForRequest(InvocableHandlerMethod.java:150)
	at org.springframework.web.servlet.mvc.method.annotation.ServletInvocableHandlerMethod.invokeAndHandle(ServletInvocableHandlerMethod.java:118)
	at org.springframework.web.servlet.mvc.method.annotation.RequestMappingHandlerAdapter.invokeHandlerMethod(RequestMappingHandlerAdapter.java:884)
	at org.springframework.web.servlet.mvc.method.annotation.RequestMappingHandlerAdapter.handleInternal(RequestMappingHandlerAdapter.java:797)
	at org.springframework.web.servlet.mvc.method.AbstractHandlerMethodAdapter.handle(AbstractHandlerMethodAdapter.java:87)
	at org.springframework.web.servlet.DispatcherServlet.doDispatch(DispatcherServlet.java:1081)
	at org.springframework.web.servlet.DispatcherServlet.doService(DispatcherServlet.java:974)
	at org.springframework.web.servlet.FrameworkServlet.processRequest(FrameworkServlet.java:1011)
	at org.springframework.web.servlet.FrameworkServlet.doPost(FrameworkServlet.java:914)
	at jakarta.servlet.http.HttpServlet.service(HttpServlet.java:590)
	at org.springframework.web.servlet.FrameworkServlet.service(FrameworkServlet.java:885)
	at jakarta.servlet.http.HttpServlet.service(HttpServlet.java:658)
	at org.apache.catalina.core.ApplicationFilterChain.internalDoFilter(ApplicationFilterChain.java:205)
	at org.apache.catalina.core.ApplicationFilterChain.doFilter(ApplicationFilterChain.java:149)
	at org.apache.tomcat.websocket.server.WsFilter.doFilter(WsFilter.java:51)
	at org.apache.catalina.core.ApplicationFilterChain.internalDoFilter(ApplicationFilterChain.java:174)
	at org.apache.catalina.core.ApplicationFilterChain.doFilter(ApplicationFilterChain.java:149)
	at org.springframework.web.filter.RequestContextFilter.doFilterInternal(RequestContextFilter.java:100)
	at org.springframework.web.filter.OncePerRequestFilter.doFilter(OncePerRequestFilter.java:116)
	at org.apache.catalina.core.ApplicationFilterChain.internalDoFilter(ApplicationFilterChain.java:174)
	at org.apache.catalina.core.ApplicationFilterChain.doFilter(ApplicationFilterChain.java:149)
	at org.springframework.web.filter.FormContentFilter.doFilterInternal(FormContentFilter.java:93)
	at org.springframework.web.filter.OncePerRequestFilter.doFilter(OncePerRequestFilter.java:116)
	at org.apache.catalina.core.ApplicationFilterChain.internalDoFilter(ApplicationFilterChain.java:174)
	at org.apache.catalina.core.ApplicationFilterChain.doFilter(ApplicationFilterChain.java:149)
	at org.springframework.web.filter.CharacterEncodingFilter.doFilterInternal(CharacterEncodingFilter.java:201)
	at org.springframework.web.filter.OncePerRequestFilter.doFilter(OncePerRequestFilter.java:116)
	at org.apache.catalina.core.ApplicationFilterChain.internalDoFilter(ApplicationFilterChain.java:174)
	at org.apache.catalina.core.ApplicationFilterChain.doFilter(ApplicationFilterChain.java:149)
	at org.apache.catalina.core.StandardWrapperValve.invoke(StandardWrapperValve.java:166)
	at org.apache.catalina.core.StandardContextValve.invoke(StandardContextValve.java:90)
	at org.apache.catalina.authenticator.AuthenticatorBase.invoke(AuthenticatorBase.java:482)
	at org.apache.catalina.core.StandardHostValve.invoke(StandardHostValve.java:115)
	at org.apache.catalina.valves.ErrorReportValve.invoke(ErrorReportValve.java:93)
	at org.apache.catalina.core.StandardEngineValve.invoke(StandardEngineValve.java:74)
	at org.apache.catalina.connector.CoyoteAdapter.service(CoyoteAdapter.java:341)
	at org.apache.coyote.http11.Http11Processor.service(Http11Processor.java:391)
	at org.apache.coyote.AbstractProcessorLight.process(AbstractProcessorLight.java:63)
	at org.apache.coyote.AbstractProtocol$ConnectionHandler.process(AbstractProtocol.java:894)
	at org.apache.tomcat.util.net.NioEndpoint$SocketProcessor.doRun(NioEndpoint.java:1740)
	at org.apache.tomcat.util.net.SocketProcessorBase.run(SocketProcessorBase.java:52)
	at org.apache.tomcat.util.threads.ThreadPoolExecutor.runWorker(ThreadPoolExecutor.java:1191)
	at org.apache.tomcat.util.threads.ThreadPoolExecutor$Worker.run(ThreadPoolExecutor.java:659)
	at org.apache.tomcat.util.threads.TaskThread$WrappingRunnable.run(TaskThread.java:61)
	at java.base/java.lang.Thread.run(Thread.java:1589)
2024-06-19 16:16:02,032 INFO o.s.b.StartupInfoLogger [main] Starting RecoveryApplication using Java 19.0.1 with PID 11528 (D:\Dimas\Projects\Recovery Excel\recovery\target\classes started by hand_ in D:\Dimas\Projects\Recovery Excel\recovery)
2024-06-19 16:16:02,035 DEBUG o.s.b.StartupInfoLogger [main] Running with Spring Boot v3.1.2, Spring v6.0.11
2024-06-19 16:16:02,037 INFO o.s.b.SpringApplication [main] No active profile set, falling back to 1 default profile: "default"
2024-06-19 16:16:03,034 INFO o.s.b.w.e.t.TomcatWebServer [main] Tomcat initialized with port(s): 8380 (http)
2024-06-19 16:16:03,044 INFO o.a.j.l.DirectJDKLog [main] Initializing ProtocolHandler ["http-nio-8380"]
2024-06-19 16:16:03,048 INFO o.a.j.l.DirectJDKLog [main] Starting service [Tomcat]
2024-06-19 16:16:03,049 INFO o.a.j.l.DirectJDKLog [main] Starting Servlet engine: [Apache Tomcat/10.1.11]
2024-06-19 16:16:03,164 INFO o.a.j.l.DirectJDKLog [main] Initializing Spring embedded WebApplicationContext
2024-06-19 16:16:03,167 INFO o.s.b.w.s.c.ServletWebServerApplicationContext [main] Root WebApplicationContext: initialization completed in 1032 ms
2024-06-19 16:16:03,409 INFO o.s.b.a.w.s.WelcomePageHandlerMapping [main] Adding welcome page: class path resource [static/index.html]
2024-06-19 16:16:03,530 WARN o.s.b.a.t.ThymeleafAutoConfiguration$DefaultTemplateResolverConfiguration [main] Cannot find template location: classpath:/templates/ (please add some templates, check your Thymeleaf configuration, or set spring.thymeleaf.check-template-location=false)
2024-06-19 16:16:03,561 INFO o.a.j.l.DirectJDKLog [main] Starting ProtocolHandler ["http-nio-8380"]
2024-06-19 16:16:03,589 INFO o.s.b.w.e.t.TomcatWebServer [main] Tomcat started on port(s): 8380 (http) with context path ''
2024-06-19 16:16:03,597 INFO o.s.b.StartupInfoLogger [main] Started RecoveryApplication in 2.101 seconds (process running for 2.516)
2024-06-19 16:16:06,206 INFO o.a.j.l.DirectJDKLog [http-nio-8380-exec-1] Initializing Spring DispatcherServlet 'dispatcherServlet'
2024-06-19 16:16:06,207 INFO o.s.w.s.FrameworkServlet [http-nio-8380-exec-1] Initializing Servlet 'dispatcherServlet'
2024-06-19 16:16:06,208 INFO o.s.w.s.FrameworkServlet [http-nio-8380-exec-1] Completed initialization in 0 ms
2024-06-19 16:16:09,270 INFO c.b.r.c.FileController [http-nio-8380-exec-4] process upload file = test.xlsx
2024-06-19 16:16:09,340 INFO c.b.r.s.FileStorageService [http-nio-8380-exec-4] store file test.xlsx success
2024-06-19 16:16:09,340 INFO c.b.r.c.FileController [http-nio-8380-exec-4] Uploaded the file successfully: test.xlsx with name test.xlsx
2024-06-19 16:16:09,341 INFO c.b.r.s.PdfService [http-nio-8380-exec-4] create pdf file = GeneratedSQL-1718788569341.pdf
2024-06-19 16:16:09,904 INFO c.b.r.s.PdfService [http-nio-8380-exec-4] end of create pdf
2024-06-19 16:16:28,397 INFO c.b.r.c.FileController [http-nio-8380-exec-8] process upload file = test.xlsx
2024-06-19 16:16:28,403 INFO c.b.r.s.FileStorageService [http-nio-8380-exec-8] store file test.xlsx success
2024-06-19 16:16:28,403 INFO c.b.r.c.FileController [http-nio-8380-exec-8] Uploaded the file successfully: test.xlsx with name test.xlsx
2024-06-19 16:16:28,403 INFO c.b.r.s.PdfService [http-nio-8380-exec-8] create pdf file = GeneratedSQL-1718788588403.pdf
2024-06-19 16:16:28,436 ERROR c.b.r.c.FileController [http-nio-8380-exec-8] Could not upload the file: test.xlsx!
java.lang.NullPointerException: Cannot invoke "org.apache.poi.ss.usermodel.Cell.getCellType()" because "cell" is null
	at com.bleizing.recovery.helper.ExcelHelper.getValue(ExcelHelper.java:114)
	at com.bleizing.recovery.helper.ExcelHelper.convertExcel(ExcelHelper.java:89)
	at com.bleizing.recovery.service.ExcelService.extractFile(ExcelService.java:51)
	at com.bleizing.recovery.controller.FileController.uploadFile(FileController.java:83)
	at java.base/jdk.internal.reflect.DirectMethodHandleAccessor.invoke(DirectMethodHandleAccessor.java:104)
	at java.base/java.lang.reflect.Method.invoke(Method.java:578)
	at org.springframework.web.method.support.InvocableHandlerMethod.doInvoke(InvocableHandlerMethod.java:205)
	at org.springframework.web.method.support.InvocableHandlerMethod.invokeForRequest(InvocableHandlerMethod.java:150)
	at org.springframework.web.servlet.mvc.method.annotation.ServletInvocableHandlerMethod.invokeAndHandle(ServletInvocableHandlerMethod.java:118)
	at org.springframework.web.servlet.mvc.method.annotation.RequestMappingHandlerAdapter.invokeHandlerMethod(RequestMappingHandlerAdapter.java:884)
	at org.springframework.web.servlet.mvc.method.annotation.RequestMappingHandlerAdapter.handleInternal(RequestMappingHandlerAdapter.java:797)
	at org.springframework.web.servlet.mvc.method.AbstractHandlerMethodAdapter.handle(AbstractHandlerMethodAdapter.java:87)
	at org.springframework.web.servlet.DispatcherServlet.doDispatch(DispatcherServlet.java:1081)
	at org.springframework.web.servlet.DispatcherServlet.doService(DispatcherServlet.java:974)
	at org.springframework.web.servlet.FrameworkServlet.processRequest(FrameworkServlet.java:1011)
	at org.springframework.web.servlet.FrameworkServlet.doPost(FrameworkServlet.java:914)
	at jakarta.servlet.http.HttpServlet.service(HttpServlet.java:590)
	at org.springframework.web.servlet.FrameworkServlet.service(FrameworkServlet.java:885)
	at jakarta.servlet.http.HttpServlet.service(HttpServlet.java:658)
	at org.apache.catalina.core.ApplicationFilterChain.internalDoFilter(ApplicationFilterChain.java:205)
	at org.apache.catalina.core.ApplicationFilterChain.doFilter(ApplicationFilterChain.java:149)
	at org.apache.tomcat.websocket.server.WsFilter.doFilter(WsFilter.java:51)
	at org.apache.catalina.core.ApplicationFilterChain.internalDoFilter(ApplicationFilterChain.java:174)
	at org.apache.catalina.core.ApplicationFilterChain.doFilter(ApplicationFilterChain.java:149)
	at org.springframework.web.filter.RequestContextFilter.doFilterInternal(RequestContextFilter.java:100)
	at org.springframework.web.filter.OncePerRequestFilter.doFilter(OncePerRequestFilter.java:116)
	at org.apache.catalina.core.ApplicationFilterChain.internalDoFilter(ApplicationFilterChain.java:174)
	at org.apache.catalina.core.ApplicationFilterChain.doFilter(ApplicationFilterChain.java:149)
	at org.springframework.web.filter.FormContentFilter.doFilterInternal(FormContentFilter.java:93)
	at org.springframework.web.filter.OncePerRequestFilter.doFilter(OncePerRequestFilter.java:116)
	at org.apache.catalina.core.ApplicationFilterChain.internalDoFilter(ApplicationFilterChain.java:174)
	at org.apache.catalina.core.ApplicationFilterChain.doFilter(ApplicationFilterChain.java:149)
	at org.springframework.web.filter.CharacterEncodingFilter.doFilterInternal(CharacterEncodingFilter.java:201)
	at org.springframework.web.filter.OncePerRequestFilter.doFilter(OncePerRequestFilter.java:116)
	at org.apache.catalina.core.ApplicationFilterChain.internalDoFilter(ApplicationFilterChain.java:174)
	at org.apache.catalina.core.ApplicationFilterChain.doFilter(ApplicationFilterChain.java:149)
	at org.apache.catalina.core.StandardWrapperValve.invoke(StandardWrapperValve.java:166)
	at org.apache.catalina.core.StandardContextValve.invoke(StandardContextValve.java:90)
	at org.apache.catalina.authenticator.AuthenticatorBase.invoke(AuthenticatorBase.java:482)
	at org.apache.catalina.core.StandardHostValve.invoke(StandardHostValve.java:115)
	at org.apache.catalina.valves.ErrorReportValve.invoke(ErrorReportValve.java:93)
	at org.apache.catalina.core.StandardEngineValve.invoke(StandardEngineValve.java:74)
	at org.apache.catalina.connector.CoyoteAdapter.service(CoyoteAdapter.java:341)
	at org.apache.coyote.http11.Http11Processor.service(Http11Processor.java:391)
	at org.apache.coyote.AbstractProcessorLight.process(AbstractProcessorLight.java:63)
	at org.apache.coyote.AbstractProtocol$ConnectionHandler.process(AbstractProtocol.java:894)
	at org.apache.tomcat.util.net.NioEndpoint$SocketProcessor.doRun(NioEndpoint.java:1740)
	at org.apache.tomcat.util.net.SocketProcessorBase.run(SocketProcessorBase.java:52)
	at org.apache.tomcat.util.threads.ThreadPoolExecutor.runWorker(ThreadPoolExecutor.java:1191)
	at org.apache.tomcat.util.threads.ThreadPoolExecutor$Worker.run(ThreadPoolExecutor.java:659)
	at org.apache.tomcat.util.threads.TaskThread$WrappingRunnable.run(TaskThread.java:61)
	at java.base/java.lang.Thread.run(Thread.java:1589)
2024-06-19 16:17:17,245 INFO c.b.r.c.FileController [http-nio-8380-exec-1] process upload file = test.xlsx
2024-06-19 16:17:17,256 INFO c.b.r.s.FileStorageService [http-nio-8380-exec-1] store file test.xlsx success
2024-06-19 16:17:17,257 INFO c.b.r.c.FileController [http-nio-8380-exec-1] Uploaded the file successfully: test.xlsx with name test.xlsx
2024-06-19 16:17:17,258 INFO c.b.r.s.PdfService [http-nio-8380-exec-1] create pdf file = GeneratedSQL-1718788637258.pdf
2024-06-19 16:17:17,285 INFO c.b.r.s.PdfService [http-nio-8380-exec-1] end of create pdf
2024-06-19 16:18:00,242 INFO o.s.b.StartupInfoLogger [main] Starting RecoveryApplication using Java 19.0.1 with PID 27748 (D:\Dimas\Projects\Recovery Excel\recovery\target\classes started by hand_ in D:\Dimas\Projects\Recovery Excel\recovery)
2024-06-19 16:18:00,244 DEBUG o.s.b.StartupInfoLogger [main] Running with Spring Boot v3.1.2, Spring v6.0.11
2024-06-19 16:18:00,245 INFO o.s.b.SpringApplication [main] No active profile set, falling back to 1 default profile: "default"
2024-06-19 16:18:01,040 INFO o.s.b.w.e.t.TomcatWebServer [main] Tomcat initialized with port(s): 8380 (http)
2024-06-19 16:18:01,049 INFO o.a.j.l.DirectJDKLog [main] Initializing ProtocolHandler ["http-nio-8380"]
2024-06-19 16:18:01,052 INFO o.a.j.l.DirectJDKLog [main] Starting service [Tomcat]
2024-06-19 16:18:01,053 INFO o.a.j.l.DirectJDKLog [main] Starting Servlet engine: [Apache Tomcat/10.1.11]
2024-06-19 16:18:01,143 INFO o.a.j.l.DirectJDKLog [main] Initializing Spring embedded WebApplicationContext
2024-06-19 16:18:01,145 INFO o.s.b.w.s.c.ServletWebServerApplicationContext [main] Root WebApplicationContext: initialization completed in 835 ms
2024-06-19 16:18:01,328 INFO o.s.b.a.w.s.WelcomePageHandlerMapping [main] Adding welcome page: class path resource [static/index.html]
2024-06-19 16:18:01,423 WARN o.s.b.a.t.ThymeleafAutoConfiguration$DefaultTemplateResolverConfiguration [main] Cannot find template location: classpath:/templates/ (please add some templates, check your Thymeleaf configuration, or set spring.thymeleaf.check-template-location=false)
2024-06-19 16:18:01,453 INFO o.a.j.l.DirectJDKLog [main] Starting ProtocolHandler ["http-nio-8380"]
2024-06-19 16:18:01,473 INFO o.s.b.w.e.t.TomcatWebServer [main] Tomcat started on port(s): 8380 (http) with context path ''
2024-06-19 16:18:01,481 INFO o.s.b.StartupInfoLogger [main] Started RecoveryApplication in 1.726 seconds (process running for 2.042)
2024-06-19 16:18:06,406 INFO o.a.j.l.DirectJDKLog [http-nio-8380-exec-1] Initializing Spring DispatcherServlet 'dispatcherServlet'
2024-06-19 16:18:06,406 INFO o.s.w.s.FrameworkServlet [http-nio-8380-exec-1] Initializing Servlet 'dispatcherServlet'
2024-06-19 16:18:06,406 INFO o.s.w.s.FrameworkServlet [http-nio-8380-exec-1] Completed initialization in 0 ms
2024-06-19 16:18:15,297 INFO c.b.r.c.FileController [http-nio-8380-exec-4] process upload file = test.xlsx
2024-06-19 16:18:15,333 INFO c.b.r.s.FileStorageService [http-nio-8380-exec-4] store file test.xlsx success
2024-06-19 16:18:15,333 INFO c.b.r.c.FileController [http-nio-8380-exec-4] Uploaded the file successfully: test.xlsx with name test.xlsx
2024-06-19 16:18:15,333 INFO c.b.r.s.PdfService [http-nio-8380-exec-4] create pdf file = GeneratedSQL-1718788695333.pdf
2024-06-19 16:18:15,825 INFO c.b.r.s.PdfService [http-nio-8380-exec-4] end of create pdf
2024-06-19 16:24:05,549 INFO o.s.b.StartupInfoLogger [main] Starting RecoveryApplication using Java 19.0.1 with PID 17096 (D:\Dimas\Projects\Recovery Excel\recovery\target\classes started by hand_ in D:\Dimas\Projects\Recovery Excel\recovery)
2024-06-19 16:24:05,551 DEBUG o.s.b.StartupInfoLogger [main] Running with Spring Boot v3.1.2, Spring v6.0.11
2024-06-19 16:24:05,552 INFO o.s.b.SpringApplication [main] No active profile set, falling back to 1 default profile: "default"
2024-06-19 16:24:06,420 INFO o.s.b.w.e.t.TomcatWebServer [main] Tomcat initialized with port(s): 8380 (http)
2024-06-19 16:24:06,427 INFO o.a.j.l.DirectJDKLog [main] Initializing ProtocolHandler ["http-nio-8380"]
2024-06-19 16:24:06,430 INFO o.a.j.l.DirectJDKLog [main] Starting service [Tomcat]
2024-06-19 16:24:06,431 INFO o.a.j.l.DirectJDKLog [main] Starting Servlet engine: [Apache Tomcat/10.1.11]
2024-06-19 16:24:06,526 INFO o.a.j.l.DirectJDKLog [main] Initializing Spring embedded WebApplicationContext
2024-06-19 16:24:06,528 INFO o.s.b.w.s.c.ServletWebServerApplicationContext [main] Root WebApplicationContext: initialization completed in 892 ms
2024-06-19 16:24:06,720 INFO o.s.b.a.w.s.WelcomePageHandlerMapping [main] Adding welcome page: class path resource [static/index.html]
2024-06-19 16:24:06,815 WARN o.s.b.a.t.ThymeleafAutoConfiguration$DefaultTemplateResolverConfiguration [main] Cannot find template location: classpath:/templates/ (please add some templates, check your Thymeleaf configuration, or set spring.thymeleaf.check-template-location=false)
2024-06-19 16:24:06,848 INFO o.a.j.l.DirectJDKLog [main] Starting ProtocolHandler ["http-nio-8380"]
2024-06-19 16:24:06,869 INFO o.s.b.w.e.t.TomcatWebServer [main] Tomcat started on port(s): 8380 (http) with context path ''
2024-06-19 16:24:06,877 INFO o.s.b.StartupInfoLogger [main] Started RecoveryApplication in 1.788 seconds (process running for 2.104)
2024-06-19 16:25:24,189 INFO o.s.b.StartupInfoLogger [main] Starting RecoveryApplication using Java 19.0.1 with PID 28152 (D:\Dimas\Projects\Recovery Excel\recovery\target\classes started by hand_ in D:\Dimas\Projects\Recovery Excel\recovery)
2024-06-19 16:25:24,191 DEBUG o.s.b.StartupInfoLogger [main] Running with Spring Boot v3.1.2, Spring v6.0.11
2024-06-19 16:25:24,192 INFO o.s.b.SpringApplication [main] No active profile set, falling back to 1 default profile: "default"
2024-06-19 16:25:24,971 INFO o.s.b.w.e.t.TomcatWebServer [main] Tomcat initialized with port(s): 8380 (http)
2024-06-19 16:25:24,980 INFO o.a.j.l.DirectJDKLog [main] Initializing ProtocolHandler ["http-nio-8380"]
2024-06-19 16:25:24,983 INFO o.a.j.l.DirectJDKLog [main] Starting service [Tomcat]
2024-06-19 16:25:24,984 INFO o.a.j.l.DirectJDKLog [main] Starting Servlet engine: [Apache Tomcat/10.1.11]
2024-06-19 16:25:25,096 INFO o.a.j.l.DirectJDKLog [main] Initializing Spring embedded WebApplicationContext
2024-06-19 16:25:25,098 INFO o.s.b.w.s.c.ServletWebServerApplicationContext [main] Root WebApplicationContext: initialization completed in 842 ms
2024-06-19 16:25:25,326 INFO o.s.b.a.w.s.WelcomePageHandlerMapping [main] Adding welcome page: class path resource [static/index.html]
2024-06-19 16:25:25,418 WARN o.s.b.a.t.ThymeleafAutoConfiguration$DefaultTemplateResolverConfiguration [main] Cannot find template location: classpath:/templates/ (please add some templates, check your Thymeleaf configuration, or set spring.thymeleaf.check-template-location=false)
2024-06-19 16:25:25,450 INFO o.a.j.l.DirectJDKLog [main] Starting ProtocolHandler ["http-nio-8380"]
2024-06-19 16:25:25,472 INFO o.s.b.w.e.t.TomcatWebServer [main] Tomcat started on port(s): 8380 (http) with context path ''
2024-06-19 16:25:25,482 INFO o.s.b.StartupInfoLogger [main] Started RecoveryApplication in 1.807 seconds (process running for 2.15)
2024-06-19 16:25:26,571 INFO o.a.j.l.DirectJDKLog [http-nio-8380-exec-3] Initializing Spring DispatcherServlet 'dispatcherServlet'
2024-06-19 16:25:26,572 INFO o.s.w.s.FrameworkServlet [http-nio-8380-exec-3] Initializing Servlet 'dispatcherServlet'
2024-06-19 16:25:26,573 INFO o.s.w.s.FrameworkServlet [http-nio-8380-exec-3] Completed initialization in 1 ms
2024-06-19 16:25:36,410 INFO c.b.r.c.FileController [http-nio-8380-exec-2] process upload file = test.xlsx
2024-06-19 16:25:36,469 INFO c.b.r.s.FileStorageService [http-nio-8380-exec-2] store file test.xlsx success
2024-06-19 16:25:36,469 INFO c.b.r.c.FileController [http-nio-8380-exec-2] Uploaded the file successfully: test.xlsx with name test.xlsx
2024-06-19 16:25:36,469 INFO c.b.r.s.PdfService [http-nio-8380-exec-2] create pdf file = GeneratedSQL-1718789136469.pdf
2024-06-19 16:25:36,918 INFO c.b.r.s.PdfService [http-nio-8380-exec-2] end of create pdf
2024-06-19 16:26:39,254 INFO c.b.r.c.FileController [http-nio-8380-exec-5] process upload file = test.xlsx
2024-06-19 16:26:39,259 INFO c.b.r.s.FileStorageService [http-nio-8380-exec-5] store file test.xlsx success
2024-06-19 16:26:39,259 INFO c.b.r.c.FileController [http-nio-8380-exec-5] Uploaded the file successfully: test.xlsx with name test.xlsx
2024-06-19 16:26:39,259 INFO c.b.r.s.PdfService [http-nio-8380-exec-5] create pdf file = GeneratedSQL-1718789199259.pdf
2024-06-19 16:26:39,294 INFO c.b.r.s.PdfService [http-nio-8380-exec-5] end of create pdf
2024-06-19 16:27:41,925 INFO o.s.b.StartupInfoLogger [main] Starting RecoveryApplication using Java 19.0.1 with PID 8152 (D:\Dimas\Projects\Recovery Excel\recovery\target\classes started by hand_ in D:\Dimas\Projects\Recovery Excel\recovery)
2024-06-19 16:27:41,928 DEBUG o.s.b.StartupInfoLogger [main] Running with Spring Boot v3.1.2, Spring v6.0.11
2024-06-19 16:27:41,929 INFO o.s.b.SpringApplication [main] No active profile set, falling back to 1 default profile: "default"
2024-06-19 16:27:42,742 INFO o.s.b.w.e.t.TomcatWebServer [main] Tomcat initialized with port(s): 8380 (http)
2024-06-19 16:27:42,749 INFO o.a.j.l.DirectJDKLog [main] Initializing ProtocolHandler ["http-nio-8380"]
2024-06-19 16:27:42,751 INFO o.a.j.l.DirectJDKLog [main] Starting service [Tomcat]
2024-06-19 16:27:42,752 INFO o.a.j.l.DirectJDKLog [main] Starting Servlet engine: [Apache Tomcat/10.1.11]
2024-06-19 16:27:42,848 INFO o.a.j.l.DirectJDKLog [main] Initializing Spring embedded WebApplicationContext
2024-06-19 16:27:42,850 INFO o.s.b.w.s.c.ServletWebServerApplicationContext [main] Root WebApplicationContext: initialization completed in 858 ms
2024-06-19 16:27:43,037 INFO o.s.b.a.w.s.WelcomePageHandlerMapping [main] Adding welcome page: class path resource [static/index.html]
2024-06-19 16:27:43,135 WARN o.s.b.a.t.ThymeleafAutoConfiguration$DefaultTemplateResolverConfiguration [main] Cannot find template location: classpath:/templates/ (please add some templates, check your Thymeleaf configuration, or set spring.thymeleaf.check-template-location=false)
2024-06-19 16:27:43,169 INFO o.a.j.l.DirectJDKLog [main] Starting ProtocolHandler ["http-nio-8380"]
2024-06-19 16:27:43,193 INFO o.s.b.w.e.t.TomcatWebServer [main] Tomcat started on port(s): 8380 (http) with context path ''
2024-06-19 16:27:43,203 INFO o.s.b.StartupInfoLogger [main] Started RecoveryApplication in 1.802 seconds (process running for 2.109)
2024-06-19 16:27:58,870 INFO o.a.j.l.DirectJDKLog [http-nio-8380-exec-1] Initializing Spring DispatcherServlet 'dispatcherServlet'
2024-06-19 16:27:58,870 INFO o.s.w.s.FrameworkServlet [http-nio-8380-exec-1] Initializing Servlet 'dispatcherServlet'
2024-06-19 16:27:58,873 INFO o.s.w.s.FrameworkServlet [http-nio-8380-exec-1] Completed initialization in 3 ms
2024-06-19 16:28:08,407 INFO c.b.r.c.FileController [http-nio-8380-exec-2] process upload file = test.xlsx
2024-06-19 16:28:08,457 INFO c.b.r.s.FileStorageService [http-nio-8380-exec-2] store file test.xlsx success
2024-06-19 16:28:08,457 INFO c.b.r.c.FileController [http-nio-8380-exec-2] Uploaded the file successfully: test.xlsx with name test.xlsx
2024-06-19 16:28:08,457 INFO c.b.r.s.PdfService [http-nio-8380-exec-2] create pdf file = GeneratedSQL-1718789288457.pdf
2024-06-19 16:28:08,869 INFO c.b.r.s.PdfService [http-nio-8380-exec-2] end of create pdf
2024-06-19 16:29:32,682 INFO c.b.r.c.FileController [http-nio-8380-exec-9] process upload file = test.xlsx
2024-06-19 16:29:32,682 INFO c.b.r.s.FileStorageService [http-nio-8380-exec-9] store file test.xlsx success
2024-06-19 16:29:32,682 INFO c.b.r.c.FileController [http-nio-8380-exec-9] Uploaded the file successfully: test.xlsx with name test.xlsx
2024-06-19 16:29:32,682 INFO c.b.r.s.PdfService [http-nio-8380-exec-9] create pdf file = GeneratedSQL-1718789372682.pdf
2024-06-19 16:29:32,730 INFO c.b.r.s.PdfService [http-nio-8380-exec-9] end of create pdf
2024-06-19 16:31:32,500 INFO c.b.r.c.FileController [http-nio-8380-exec-8] process upload file = test.xlsx
2024-06-19 16:31:32,508 INFO c.b.r.s.FileStorageService [http-nio-8380-exec-8] store file test.xlsx success
2024-06-19 16:31:32,508 INFO c.b.r.c.FileController [http-nio-8380-exec-8] Uploaded the file successfully: test.xlsx with name test.xlsx
2024-06-19 16:31:32,508 INFO c.b.r.s.PdfService [http-nio-8380-exec-8] create pdf file = GeneratedSQL-1718789492508.pdf
2024-06-19 16:31:32,534 INFO c.b.r.s.PdfService [http-nio-8380-exec-8] end of create pdf
2024-06-19 16:32:02,000 INFO c.b.r.c.FileController [http-nio-8380-exec-1] process upload file = test.xlsx
2024-06-19 16:32:02,006 INFO c.b.r.s.FileStorageService [http-nio-8380-exec-1] store file test.xlsx success
2024-06-19 16:32:02,006 INFO c.b.r.c.FileController [http-nio-8380-exec-1] Uploaded the file successfully: test.xlsx with name test.xlsx
2024-06-19 16:32:02,006 INFO c.b.r.s.PdfService [http-nio-8380-exec-1] create pdf file = GeneratedSQL-1718789522006.pdf
2024-06-19 16:32:02,035 INFO c.b.r.s.PdfService [http-nio-8380-exec-1] end of create pdf
2024-06-19 16:32:28,492 INFO c.b.r.c.FileController [http-nio-8380-exec-5] process upload file = test.xlsx
2024-06-19 16:32:28,500 INFO c.b.r.s.FileStorageService [http-nio-8380-exec-5] store file test.xlsx success
2024-06-19 16:32:28,500 INFO c.b.r.c.FileController [http-nio-8380-exec-5] Uploaded the file successfully: test.xlsx with name test.xlsx
2024-06-19 16:32:28,500 INFO c.b.r.s.PdfService [http-nio-8380-exec-5] create pdf file = GeneratedSQL-1718789548500.pdf
2024-06-19 16:32:28,522 INFO c.b.r.s.PdfService [http-nio-8380-exec-5] end of create pdf
2024-06-19 16:35:04,446 INFO o.s.b.StartupInfoLogger [main] Starting RecoveryApplication using Java 19.0.1 with PID 15996 (D:\Dimas\Projects\Recovery Excel\recovery\target\classes started by hand_ in D:\Dimas\Projects\Recovery Excel\recovery)
2024-06-19 16:35:04,447 DEBUG o.s.b.StartupInfoLogger [main] Running with Spring Boot v3.1.2, Spring v6.0.11
2024-06-19 16:35:04,448 INFO o.s.b.SpringApplication [main] No active profile set, falling back to 1 default profile: "default"
2024-06-19 16:35:05,195 INFO o.s.b.w.e.t.TomcatWebServer [main] Tomcat initialized with port(s): 8380 (http)
2024-06-19 16:35:05,202 INFO o.a.j.l.DirectJDKLog [main] Initializing ProtocolHandler ["http-nio-8380"]
2024-06-19 16:35:05,206 INFO o.a.j.l.DirectJDKLog [main] Starting service [Tomcat]
2024-06-19 16:35:05,206 INFO o.a.j.l.DirectJDKLog [main] Starting Servlet engine: [Apache Tomcat/10.1.11]
2024-06-19 16:35:05,294 INFO o.a.j.l.DirectJDKLog [main] Initializing Spring embedded WebApplicationContext
2024-06-19 16:35:05,296 INFO o.s.b.w.s.c.ServletWebServerApplicationContext [main] Root WebApplicationContext: initialization completed in 787 ms
2024-06-19 16:35:05,480 INFO o.s.b.a.w.s.WelcomePageHandlerMapping [main] Adding welcome page: class path resource [static/index.html]
2024-06-19 16:35:05,573 WARN o.s.b.a.t.ThymeleafAutoConfiguration$DefaultTemplateResolverConfiguration [main] Cannot find template location: classpath:/templates/ (please add some templates, check your Thymeleaf configuration, or set spring.thymeleaf.check-template-location=false)
2024-06-19 16:35:05,601 INFO o.a.j.l.DirectJDKLog [main] Starting ProtocolHandler ["http-nio-8380"]
2024-06-19 16:35:05,622 INFO o.s.b.w.e.t.TomcatWebServer [main] Tomcat started on port(s): 8380 (http) with context path ''
2024-06-19 16:35:05,630 INFO o.s.b.StartupInfoLogger [main] Started RecoveryApplication in 1.64 seconds (process running for 1.946)
2024-06-19 16:35:08,622 INFO o.a.j.l.DirectJDKLog [http-nio-8380-exec-1] Initializing Spring DispatcherServlet 'dispatcherServlet'
2024-06-19 16:35:08,622 INFO o.s.w.s.FrameworkServlet [http-nio-8380-exec-1] Initializing Servlet 'dispatcherServlet'
2024-06-19 16:35:08,622 INFO o.s.w.s.FrameworkServlet [http-nio-8380-exec-1] Completed initialization in 0 ms
2024-06-19 16:37:41,984 INFO c.b.r.c.FileController [http-nio-8380-exec-5] process upload file = test.xlsx
2024-06-19 16:37:42,012 INFO c.b.r.s.FileStorageService [http-nio-8380-exec-5] store file test.xlsx success
2024-06-19 16:37:42,012 INFO c.b.r.c.FileController [http-nio-8380-exec-5] Uploaded the file successfully: test.xlsx with name test.xlsx
2024-06-19 16:37:42,015 INFO c.b.r.s.PdfService [http-nio-8380-exec-5] create pdf file = GeneratedSQL-1718789862015.pdf
2024-06-19 16:37:42,454 INFO c.b.r.s.PdfService [http-nio-8380-exec-5] end of create pdf
2024-06-19 16:38:01,664 INFO c.b.r.c.FileController [http-nio-8380-exec-1] process upload file = test.xlsx
2024-06-19 16:38:01,673 INFO c.b.r.s.FileStorageService [http-nio-8380-exec-1] store file test.xlsx success
2024-06-19 16:38:01,673 INFO c.b.r.c.FileController [http-nio-8380-exec-1] Uploaded the file successfully: test.xlsx with name test.xlsx
2024-06-19 16:38:01,673 INFO c.b.r.s.PdfService [http-nio-8380-exec-1] create pdf file = GeneratedSQL-1718789881673.pdf
2024-06-19 16:38:01,697 INFO c.b.r.s.PdfService [http-nio-8380-exec-1] end of create pdf
2024-06-19 16:39:41,752 INFO c.b.r.c.FileController [http-nio-8380-exec-6] process upload file = test.xlsx
2024-06-19 16:39:41,752 INFO c.b.r.s.FileStorageService [http-nio-8380-exec-6] store file test.xlsx success
2024-06-19 16:39:41,752 INFO c.b.r.c.FileController [http-nio-8380-exec-6] Uploaded the file successfully: test.xlsx with name test.xlsx
2024-06-19 16:39:41,763 INFO c.b.r.s.PdfService [http-nio-8380-exec-6] create pdf file = GeneratedSQL-1718789981763.pdf
2024-06-19 16:39:41,786 INFO c.b.r.s.PdfService [http-nio-8380-exec-6] end of create pdf
2024-06-19 16:40:21,514 INFO c.b.r.c.FileController [http-nio-8380-exec-5] process upload file = test.xlsx
2024-06-19 16:40:21,514 INFO c.b.r.s.FileStorageService [http-nio-8380-exec-5] store file test.xlsx success
2024-06-19 16:40:21,514 INFO c.b.r.c.FileController [http-nio-8380-exec-5] Uploaded the file successfully: test.xlsx with name test.xlsx
2024-06-19 16:40:21,514 INFO c.b.r.s.PdfService [http-nio-8380-exec-5] create pdf file = GeneratedSQL-1718790021514.pdf
2024-06-19 16:40:21,547 INFO c.b.r.s.PdfService [http-nio-8380-exec-5] end of create pdf
2024-06-19 16:40:57,943 INFO c.b.r.c.FileController [http-nio-8380-exec-1] process upload file = test.xlsx
2024-06-19 16:40:57,959 INFO c.b.r.s.FileStorageService [http-nio-8380-exec-1] store file test.xlsx success
2024-06-19 16:40:57,959 INFO c.b.r.c.FileController [http-nio-8380-exec-1] Uploaded the file successfully: test.xlsx with name test.xlsx
2024-06-19 16:40:57,959 INFO c.b.r.s.PdfService [http-nio-8380-exec-1] create pdf file = GeneratedSQL-1718790057959.pdf
2024-06-19 16:40:57,976 INFO c.b.r.s.PdfService [http-nio-8380-exec-1] end of create pdf
2024-06-19 16:43:14,935 INFO c.b.r.c.FileController [http-nio-8380-exec-1] process upload file = test.xlsx
2024-06-19 16:43:14,940 INFO c.b.r.s.FileStorageService [http-nio-8380-exec-1] store file test.xlsx success
2024-06-19 16:43:14,940 INFO c.b.r.c.FileController [http-nio-8380-exec-1] Uploaded the file successfully: test.xlsx with name test.xlsx
2024-06-19 16:43:14,940 INFO c.b.r.s.PdfService [http-nio-8380-exec-1] create pdf file = GeneratedSQL-1718790194940.pdf
2024-06-19 16:43:14,963 INFO c.b.r.s.PdfService [http-nio-8380-exec-1] end of create pdf
2024-06-19 16:43:39,669 INFO c.b.r.c.FileController [http-nio-8380-exec-3] process upload file = test.xlsx
2024-06-19 16:43:39,676 INFO c.b.r.s.FileStorageService [http-nio-8380-exec-3] store file test.xlsx success
2024-06-19 16:43:39,677 INFO c.b.r.c.FileController [http-nio-8380-exec-3] Uploaded the file successfully: test.xlsx with name test.xlsx
2024-06-19 16:43:39,677 INFO c.b.r.s.PdfService [http-nio-8380-exec-3] create pdf file = GeneratedSQL-1718790219677.pdf
2024-06-19 16:43:39,699 INFO c.b.r.s.PdfService [http-nio-8380-exec-3] end of create pdf
2024-06-19 16:44:11,166 INFO c.b.r.c.FileController [http-nio-8380-exec-2] process upload file = test.xlsx
2024-06-19 16:44:11,173 INFO c.b.r.s.FileStorageService [http-nio-8380-exec-2] store file test.xlsx success
2024-06-19 16:44:11,173 INFO c.b.r.c.FileController [http-nio-8380-exec-2] Uploaded the file successfully: test.xlsx with name test.xlsx
2024-06-19 16:44:11,173 INFO c.b.r.s.PdfService [http-nio-8380-exec-2] create pdf file = GeneratedSQL-1718790251173.pdf
2024-06-19 16:44:11,191 INFO c.b.r.s.PdfService [http-nio-8380-exec-2] end of create pdf
2024-06-19 16:44:11,202 INFO c.b.r.c.FileController [http-nio-8380-exec-9] download file = D:\Dimas\Projects\Recovery Excel\recovery/downloads/GeneratedSQL-1718790251173.pdf
2024-06-19 16:46:30,436 INFO c.b.r.c.FileController [http-nio-8380-exec-10] process upload file = test.xlsx
2024-06-19 16:46:30,444 INFO c.b.r.s.FileStorageService [http-nio-8380-exec-10] store file test.xlsx success
2024-06-19 16:46:30,444 INFO c.b.r.c.FileController [http-nio-8380-exec-10] Uploaded the file successfully: test.xlsx with name test.xlsx
2024-06-19 16:46:30,445 INFO c.b.r.s.PdfService [http-nio-8380-exec-10] create pdf file = GeneratedSQL-1718790390444.pdf
2024-06-19 16:46:30,468 INFO c.b.r.s.PdfService [http-nio-8380-exec-10] end of create pdf
2024-06-19 16:46:30,477 INFO c.b.r.c.FileController [http-nio-8380-exec-1] download file = D:\Dimas\Projects\Recovery Excel\recovery/downloads/GeneratedSQL-1718790390444.pdf
2024-06-19 16:47:36,668 INFO c.b.r.c.FileController [http-nio-8380-exec-9] process upload file = test.xlsx
2024-06-19 16:47:36,673 INFO c.b.r.s.FileStorageService [http-nio-8380-exec-9] store file test.xlsx success
2024-06-19 16:47:36,673 INFO c.b.r.c.FileController [http-nio-8380-exec-9] Uploaded the file successfully: test.xlsx with name test.xlsx
2024-06-19 16:47:36,674 INFO c.b.r.s.PdfService [http-nio-8380-exec-9] create pdf file = GeneratedSQL-1718790456674.pdf
2024-06-19 16:47:36,699 INFO c.b.r.s.PdfService [http-nio-8380-exec-9] end of create pdf
2024-06-19 16:47:36,707 INFO c.b.r.c.FileController [http-nio-8380-exec-3] download file = D:\Dimas\Projects\Recovery Excel\recovery/downloads/GeneratedSQL-1718790456674.pdf
