2024-06-14 09:19:35,444 INFO o.s.b.StartupInfoLogger [main] Starting RecoveryApplication using Java 19.0.1 with PID 12120 (D:\Dimas\Projects\Recovery Excel\recovery\target\classes started by hand_ in D:\Dimas\Projects\Recovery Excel\recovery)
2024-06-14 09:19:35,447 DEBUG o.s.b.StartupInfoLogger [main] Running with Spring Boot v3.1.2, Spring v6.0.11
2024-06-14 09:19:35,448 INFO o.s.b.SpringApplication [main] No active profile set, falling back to 1 default profile: "default"
2024-06-14 09:19:36,166 INFO o.s.b.w.e.t.TomcatWebServer [main] Tomcat initialized with port(s): 8380 (http)
2024-06-14 09:19:36,173 INFO o.a.j.l.DirectJDKLog [main] Initializing ProtocolHandler ["http-nio-8380"]
2024-06-14 09:19:36,178 INFO o.a.j.l.DirectJDKLog [main] Starting service [Tomcat]
2024-06-14 09:19:36,178 INFO o.a.j.l.DirectJDKLog [main] Starting Servlet engine: [Apache Tomcat/10.1.11]
2024-06-14 09:19:36,289 INFO o.a.j.l.DirectJDKLog [main] Initializing Spring embedded WebApplicationContext
2024-06-14 09:19:36,290 INFO o.s.b.w.s.c.ServletWebServerApplicationContext [main] Root WebApplicationContext: initialization completed in 800 ms
2024-06-14 09:19:36,569 INFO o.s.b.a.w.s.WelcomePageHandlerMapping [main] Adding welcome page: class path resource [static/index.html]
2024-06-14 09:19:36,726 WARN o.s.b.a.t.ThymeleafAutoConfiguration$DefaultTemplateResolverConfiguration [main] Cannot find template location: classpath:/templates/ (please add some templates, check your Thymeleaf configuration, or set spring.thymeleaf.check-template-location=false)
2024-06-14 09:19:36,756 INFO o.a.j.l.DirectJDKLog [main] Starting ProtocolHandler ["http-nio-8380"]
2024-06-14 09:19:36,786 INFO o.s.b.w.e.t.TomcatWebServer [main] Tomcat started on port(s): 8380 (http) with context path ''
2024-06-14 09:19:36,793 INFO o.s.b.StartupInfoLogger [main] Started RecoveryApplication in 1.663 seconds (process running for 1.879)
2024-06-14 09:19:50,625 INFO o.a.j.l.DirectJDKLog [http-nio-8380-exec-1] Initializing Spring DispatcherServlet 'dispatcherServlet'
2024-06-14 09:19:50,625 INFO o.s.w.s.FrameworkServlet [http-nio-8380-exec-1] Initializing Servlet 'dispatcherServlet'
2024-06-14 09:19:50,626 INFO o.s.w.s.FrameworkServlet [http-nio-8380-exec-1] Completed initialization in 1 ms
2024-06-14 13:39:33,939 WARN o.s.w.s.h.AbstractHandlerExceptionResolver [http-nio-8380-exec-1] Resolved [org.springframework.web.HttpMediaTypeNotSupportedException: Content-Type 'application/octet-stream' is not supported]
2024-06-14 13:42:15,268 ERROR o.a.j.l.DirectJDKLog [http-nio-8380-exec-3] Servlet.service() for servlet [dispatcherServlet] in context with path [] threw exception [Request processing failed: org.springframework.web.multipart.MultipartException: Failed to parse multipart servlet request] with root cause
org.apache.tomcat.util.http.fileupload.FileUploadException: the request was rejected because no multipart boundary was found
	at org.apache.tomcat.util.http.fileupload.impl.FileItemIteratorImpl.init(FileItemIteratorImpl.java:189)
	at org.apache.tomcat.util.http.fileupload.impl.FileItemIteratorImpl.getMultiPartStream(FileItemIteratorImpl.java:205)
	at org.apache.tomcat.util.http.fileupload.impl.FileItemIteratorImpl.findNextItem(FileItemIteratorImpl.java:224)
	at org.apache.tomcat.util.http.fileupload.impl.FileItemIteratorImpl.<init>(FileItemIteratorImpl.java:142)
	at org.apache.tomcat.util.http.fileupload.FileUploadBase.getItemIterator(FileUploadBase.java:252)
	at org.apache.tomcat.util.http.fileupload.FileUploadBase.parseRequest(FileUploadBase.java:276)
	at org.apache.catalina.connector.Request.parseParts(Request.java:2800)
	at org.apache.catalina.connector.Request.getParts(Request.java:2701)
	at org.apache.catalina.connector.RequestFacade.getParts(RequestFacade.java:774)
	at org.springframework.web.multipart.support.StandardMultipartHttpServletRequest.parseRequest(StandardMultipartHttpServletRequest.java:93)
	at org.springframework.web.multipart.support.StandardMultipartHttpServletRequest.<init>(StandardMultipartHttpServletRequest.java:86)
	at org.springframework.web.multipart.support.StandardServletMultipartResolver.resolveMultipart(StandardServletMultipartResolver.java:112)
	at org.springframework.web.servlet.DispatcherServlet.checkMultipart(DispatcherServlet.java:1219)
	at org.springframework.web.servlet.DispatcherServlet.doDispatch(DispatcherServlet.java:1053)
	at org.springframework.web.servlet.DispatcherServlet.doService(DispatcherServlet.java:974)
	at org.springframework.web.servlet.FrameworkServlet.processRequest(FrameworkServlet.java:1011)
	at org.springframework.web.servlet.FrameworkServlet.doPost(FrameworkServlet.java:914)
	at jakarta.servlet.http.HttpServlet.service(HttpServlet.java:590)
	at org.springframework.web.servlet.FrameworkServlet.service(FrameworkServlet.java:885)
	at jakarta.servlet.http.HttpServlet.service(HttpServlet.java:658)
	at org.apache.catalina.core.ApplicationFilterChain.internalDoFilter(ApplicationFilterChain.java:205)
	at org.apache.catalina.core.ApplicationFilterChain.doFilter(ApplicationFilterChain.java:149)
	at org.apache.tomcat.websocket.server.WsFilter.doFilter(WsFilter.java:51)
	at org.apache.catalina.core.ApplicationFilterChain.internalDoFilter(ApplicationFilterChain.java:174)
	at org.apache.catalina.core.ApplicationFilterChain.doFilter(ApplicationFilterChain.java:149)
	at org.springframework.web.filter.RequestContextFilter.doFilterInternal(RequestContextFilter.java:100)
	at org.springframework.web.filter.OncePerRequestFilter.doFilter(OncePerRequestFilter.java:116)
	at org.apache.catalina.core.ApplicationFilterChain.internalDoFilter(ApplicationFilterChain.java:174)
	at org.apache.catalina.core.ApplicationFilterChain.doFilter(ApplicationFilterChain.java:149)
	at org.springframework.web.filter.FormContentFilter.doFilterInternal(FormContentFilter.java:93)
	at org.springframework.web.filter.OncePerRequestFilter.doFilter(OncePerRequestFilter.java:116)
	at org.apache.catalina.core.ApplicationFilterChain.internalDoFilter(ApplicationFilterChain.java:174)
	at org.apache.catalina.core.ApplicationFilterChain.doFilter(ApplicationFilterChain.java:149)
	at org.springframework.web.filter.CharacterEncodingFilter.doFilterInternal(CharacterEncodingFilter.java:201)
	at org.springframework.web.filter.OncePerRequestFilter.doFilter(OncePerRequestFilter.java:116)
	at org.apache.catalina.core.ApplicationFilterChain.internalDoFilter(ApplicationFilterChain.java:174)
	at org.apache.catalina.core.ApplicationFilterChain.doFilter(ApplicationFilterChain.java:149)
	at org.apache.catalina.core.StandardWrapperValve.invoke(StandardWrapperValve.java:166)
	at org.apache.catalina.core.StandardContextValve.invoke(StandardContextValve.java:90)
	at org.apache.catalina.authenticator.AuthenticatorBase.invoke(AuthenticatorBase.java:482)
	at org.apache.catalina.core.StandardHostValve.invoke(StandardHostValve.java:115)
	at org.apache.catalina.valves.ErrorReportValve.invoke(ErrorReportValve.java:93)
	at org.apache.catalina.core.StandardEngineValve.invoke(StandardEngineValve.java:74)
	at org.apache.catalina.connector.CoyoteAdapter.service(CoyoteAdapter.java:341)
	at org.apache.coyote.http11.Http11Processor.service(Http11Processor.java:391)
	at org.apache.coyote.AbstractProcessorLight.process(AbstractProcessorLight.java:63)
	at org.apache.coyote.AbstractProtocol$ConnectionHandler.process(AbstractProtocol.java:894)
	at org.apache.tomcat.util.net.NioEndpoint$SocketProcessor.doRun(NioEndpoint.java:1740)
	at org.apache.tomcat.util.net.SocketProcessorBase.run(SocketProcessorBase.java:52)
	at org.apache.tomcat.util.threads.ThreadPoolExecutor.runWorker(ThreadPoolExecutor.java:1191)
	at org.apache.tomcat.util.threads.ThreadPoolExecutor$Worker.run(ThreadPoolExecutor.java:659)
	at org.apache.tomcat.util.threads.TaskThread$WrappingRunnable.run(TaskThread.java:61)
	at java.base/java.lang.Thread.run(Thread.java:1589)
2024-06-14 13:43:55,038 WARN o.s.w.s.h.AbstractHandlerExceptionResolver [http-nio-8380-exec-1] Resolved [org.springframework.web.HttpMediaTypeNotSupportedException: Content-Type 'application/octet-stream' is not supported]
2024-06-14 13:49:23,955 INFO c.b.r.c.FileController [http-nio-8380-exec-5] process upload file = test.xlsx
2024-06-14 13:49:23,960 INFO c.b.r.s.FileStorageService [http-nio-8380-exec-5] store file test.xlsx success
2024-06-14 13:49:23,960 INFO c.b.r.c.FileController [http-nio-8380-exec-5] Uploaded the file successfully: test.xlsx with name test.xlsx
2024-06-14 13:49:23,962 INFO c.b.r.s.PdfService [http-nio-8380-exec-5] create pdf file = GeneratedSQL-1718347763962.pdf
2024-06-14 13:49:25,053 INFO c.b.r.s.PdfService [http-nio-8380-exec-5] end of create pdf
2024-06-14 13:50:43,915 ERROR o.a.j.l.DirectJDKLog [http-nio-8380-exec-1] Servlet.service() for servlet [dispatcherServlet] in context with path [] threw exception [Request processing failed: org.springframework.web.multipart.MultipartException: Failed to parse multipart servlet request] with root cause
org.apache.tomcat.util.http.fileupload.FileUploadException: the request was rejected because no multipart boundary was found
	at org.apache.tomcat.util.http.fileupload.impl.FileItemIteratorImpl.init(FileItemIteratorImpl.java:189)
	at org.apache.tomcat.util.http.fileupload.impl.FileItemIteratorImpl.getMultiPartStream(FileItemIteratorImpl.java:205)
	at org.apache.tomcat.util.http.fileupload.impl.FileItemIteratorImpl.findNextItem(FileItemIteratorImpl.java:224)
	at org.apache.tomcat.util.http.fileupload.impl.FileItemIteratorImpl.<init>(FileItemIteratorImpl.java:142)
	at org.apache.tomcat.util.http.fileupload.FileUploadBase.getItemIterator(FileUploadBase.java:252)
	at org.apache.tomcat.util.http.fileupload.FileUploadBase.parseRequest(FileUploadBase.java:276)
	at org.apache.catalina.connector.Request.parseParts(Request.java:2800)
	at org.apache.catalina.connector.Request.getParts(Request.java:2701)
	at org.apache.catalina.connector.RequestFacade.getParts(RequestFacade.java:774)
	at org.springframework.web.multipart.support.StandardMultipartHttpServletRequest.parseRequest(StandardMultipartHttpServletRequest.java:93)
	at org.springframework.web.multipart.support.StandardMultipartHttpServletRequest.<init>(StandardMultipartHttpServletRequest.java:86)
	at org.springframework.web.multipart.support.StandardServletMultipartResolver.resolveMultipart(StandardServletMultipartResolver.java:112)
	at org.springframework.web.servlet.DispatcherServlet.checkMultipart(DispatcherServlet.java:1219)
	at org.springframework.web.servlet.DispatcherServlet.doDispatch(DispatcherServlet.java:1053)
	at org.springframework.web.servlet.DispatcherServlet.doService(DispatcherServlet.java:974)
	at org.springframework.web.servlet.FrameworkServlet.processRequest(FrameworkServlet.java:1011)
	at org.springframework.web.servlet.FrameworkServlet.doPost(FrameworkServlet.java:914)
	at jakarta.servlet.http.HttpServlet.service(HttpServlet.java:590)
	at org.springframework.web.servlet.FrameworkServlet.service(FrameworkServlet.java:885)
	at jakarta.servlet.http.HttpServlet.service(HttpServlet.java:658)
	at org.apache.catalina.core.ApplicationFilterChain.internalDoFilter(ApplicationFilterChain.java:205)
	at org.apache.catalina.core.ApplicationFilterChain.doFilter(ApplicationFilterChain.java:149)
	at org.apache.tomcat.websocket.server.WsFilter.doFilter(WsFilter.java:51)
	at org.apache.catalina.core.ApplicationFilterChain.internalDoFilter(ApplicationFilterChain.java:174)
	at org.apache.catalina.core.ApplicationFilterChain.doFilter(ApplicationFilterChain.java:149)
	at org.springframework.web.filter.RequestContextFilter.doFilterInternal(RequestContextFilter.java:100)
	at org.springframework.web.filter.OncePerRequestFilter.doFilter(OncePerRequestFilter.java:116)
	at org.apache.catalina.core.ApplicationFilterChain.internalDoFilter(ApplicationFilterChain.java:174)
	at org.apache.catalina.core.ApplicationFilterChain.doFilter(ApplicationFilterChain.java:149)
	at org.springframework.web.filter.FormContentFilter.doFilterInternal(FormContentFilter.java:93)
	at org.springframework.web.filter.OncePerRequestFilter.doFilter(OncePerRequestFilter.java:116)
	at org.apache.catalina.core.ApplicationFilterChain.internalDoFilter(ApplicationFilterChain.java:174)
	at org.apache.catalina.core.ApplicationFilterChain.doFilter(ApplicationFilterChain.java:149)
	at org.springframework.web.filter.CharacterEncodingFilter.doFilterInternal(CharacterEncodingFilter.java:201)
	at org.springframework.web.filter.OncePerRequestFilter.doFilter(OncePerRequestFilter.java:116)
	at org.apache.catalina.core.ApplicationFilterChain.internalDoFilter(ApplicationFilterChain.java:174)
	at org.apache.catalina.core.ApplicationFilterChain.doFilter(ApplicationFilterChain.java:149)
	at org.apache.catalina.core.StandardWrapperValve.invoke(StandardWrapperValve.java:166)
	at org.apache.catalina.core.StandardContextValve.invoke(StandardContextValve.java:90)
	at org.apache.catalina.authenticator.AuthenticatorBase.invoke(AuthenticatorBase.java:482)
	at org.apache.catalina.core.StandardHostValve.invoke(StandardHostValve.java:115)
	at org.apache.catalina.valves.ErrorReportValve.invoke(ErrorReportValve.java:93)
	at org.apache.catalina.core.StandardEngineValve.invoke(StandardEngineValve.java:74)
	at org.apache.catalina.connector.CoyoteAdapter.service(CoyoteAdapter.java:341)
	at org.apache.coyote.http11.Http11Processor.service(Http11Processor.java:391)
	at org.apache.coyote.AbstractProcessorLight.process(AbstractProcessorLight.java:63)
	at org.apache.coyote.AbstractProtocol$ConnectionHandler.process(AbstractProtocol.java:894)
	at org.apache.tomcat.util.net.NioEndpoint$SocketProcessor.doRun(NioEndpoint.java:1740)
	at org.apache.tomcat.util.net.SocketProcessorBase.run(SocketProcessorBase.java:52)
	at org.apache.tomcat.util.threads.ThreadPoolExecutor.runWorker(ThreadPoolExecutor.java:1191)
	at org.apache.tomcat.util.threads.ThreadPoolExecutor$Worker.run(ThreadPoolExecutor.java:659)
	at org.apache.tomcat.util.threads.TaskThread$WrappingRunnable.run(TaskThread.java:61)
	at java.base/java.lang.Thread.run(Thread.java:1589)
2024-06-14 13:52:26,418 WARN o.s.w.s.h.AbstractHandlerExceptionResolver [http-nio-8380-exec-4] Resolved [org.springframework.web.HttpMediaTypeNotSupportedException: Content-Type 'application/octet-stream' is not supported]
2024-06-14 13:56:09,505 WARN o.s.w.s.h.AbstractHandlerExceptionResolver [http-nio-8380-exec-7] Resolved [org.springframework.web.HttpMediaTypeNotSupportedException: Content-Type 'application/octet-stream' is not supported]
2024-06-14 13:56:32,723 WARN o.s.w.s.h.AbstractHandlerExceptionResolver [http-nio-8380-exec-6] Resolved [org.springframework.web.multipart.support.MissingServletRequestPartException: Required part 'file' is not present.]
2024-06-14 13:56:48,180 WARN o.s.w.s.h.AbstractHandlerExceptionResolver [http-nio-8380-exec-8] Resolved [org.springframework.web.multipart.support.MissingServletRequestPartException: Required part 'file' is not present.]
2024-06-14 14:03:36,864 WARN o.s.w.s.h.AbstractHandlerExceptionResolver [http-nio-8380-exec-1] Resolved [org.springframework.web.multipart.support.MissingServletRequestPartException: Required part 'file' is not present.]
2024-06-14 14:04:01,435 WARN o.s.w.s.h.AbstractHandlerExceptionResolver [http-nio-8380-exec-10] Resolved [org.springframework.web.multipart.support.MissingServletRequestPartException: Required part 'file' is not present.]
2024-06-14 14:05:18,172 WARN o.s.w.s.h.AbstractHandlerExceptionResolver [http-nio-8380-exec-3] Resolved [org.springframework.web.HttpMediaTypeNotSupportedException: Content-Type 'application/octet-stream' is not supported]
2024-06-14 15:15:51,001 WARN o.s.w.s.h.AbstractHandlerExceptionResolver [http-nio-8380-exec-8] Resolved [org.springframework.web.HttpMediaTypeNotSupportedException: Content-Type 'application/octet-stream' is not supported]
2024-06-14 15:16:01,793 WARN o.s.w.s.h.AbstractHandlerExceptionResolver [http-nio-8380-exec-3] Resolved [org.springframework.web.HttpMediaTypeNotSupportedException: Content-Type 'application/octet-stream' is not supported]
2024-06-14 15:18:30,989 INFO o.s.b.StartupInfoLogger [main] Starting RecoveryApplication using Java 19.0.1 with PID 19220 (D:\Dimas\Projects\Recovery Excel\recovery\target\classes started by hand_ in D:\Dimas\Projects\Recovery Excel\recovery)
2024-06-14 15:18:30,991 DEBUG o.s.b.StartupInfoLogger [main] Running with Spring Boot v3.1.2, Spring v6.0.11
2024-06-14 15:18:30,992 INFO o.s.b.SpringApplication [main] No active profile set, falling back to 1 default profile: "default"
2024-06-14 15:18:32,161 INFO o.s.b.w.e.t.TomcatWebServer [main] Tomcat initialized with port(s): 8380 (http)
2024-06-14 15:18:32,175 INFO o.a.j.l.DirectJDKLog [main] Initializing ProtocolHandler ["http-nio-8380"]
2024-06-14 15:18:32,178 INFO o.a.j.l.DirectJDKLog [main] Starting service [Tomcat]
2024-06-14 15:18:32,178 INFO o.a.j.l.DirectJDKLog [main] Starting Servlet engine: [Apache Tomcat/10.1.11]
2024-06-14 15:18:32,319 INFO o.a.j.l.DirectJDKLog [main] Initializing Spring embedded WebApplicationContext
2024-06-14 15:18:32,325 INFO o.s.b.w.s.c.ServletWebServerApplicationContext [main] Root WebApplicationContext: initialization completed in 1274 ms
2024-06-14 15:18:32,582 INFO o.s.b.a.w.s.WelcomePageHandlerMapping [main] Adding welcome page: class path resource [static/index.html]
2024-06-14 15:18:32,693 WARN o.s.b.a.t.ThymeleafAutoConfiguration$DefaultTemplateResolverConfiguration [main] Cannot find template location: classpath:/templates/ (please add some templates, check your Thymeleaf configuration, or set spring.thymeleaf.check-template-location=false)
2024-06-14 15:18:32,737 INFO o.a.j.l.DirectJDKLog [main] Starting ProtocolHandler ["http-nio-8380"]
2024-06-14 15:18:32,764 INFO o.s.b.w.e.t.TomcatWebServer [main] Tomcat started on port(s): 8380 (http) with context path ''
2024-06-14 15:18:32,774 INFO o.s.b.StartupInfoLogger [main] Started RecoveryApplication in 2.38 seconds (process running for 2.861)
2024-06-14 15:18:37,184 INFO o.a.j.l.DirectJDKLog [http-nio-8380-exec-1] Initializing Spring DispatcherServlet 'dispatcherServlet'
2024-06-14 15:18:37,185 INFO o.s.w.s.FrameworkServlet [http-nio-8380-exec-1] Initializing Servlet 'dispatcherServlet'
2024-06-14 15:18:37,188 INFO o.s.w.s.FrameworkServlet [http-nio-8380-exec-1] Completed initialization in 1 ms
2024-06-14 15:18:37,349 INFO c.b.r.c.FileController [http-nio-8380-exec-1] process upload file = test.xlsx
2024-06-14 15:18:37,351 INFO c.b.r.s.FileStorageService [http-nio-8380-exec-1] store file test.xlsx success
2024-06-14 15:18:37,352 INFO c.b.r.c.FileController [http-nio-8380-exec-1] Uploaded the file successfully: test.xlsx with name test.xlsx
2024-06-14 15:18:37,353 INFO c.b.r.s.PdfService [http-nio-8380-exec-1] create pdf file = GeneratedSQL-1718353117353.pdf
2024-06-14 15:18:38,039 INFO c.b.r.s.PdfService [http-nio-8380-exec-1] end of create pdf
2024-06-14 15:18:43,636 WARN o.s.w.s.h.AbstractHandlerExceptionResolver [http-nio-8380-exec-3] Resolved [org.springframework.web.HttpMediaTypeNotSupportedException: Content-Type 'application/octet-stream' is not supported]
2024-06-14 15:19:04,017 WARN o.s.w.s.h.AbstractHandlerExceptionResolver [http-nio-8380-exec-9] Resolved [org.springframework.web.HttpMediaTypeNotSupportedException: Content-Type 'application/octet-stream' is not supported]
2024-06-14 15:23:15,321 INFO o.s.b.StartupInfoLogger [main] Starting RecoveryApplication using Java 19.0.1 with PID 27216 (D:\Dimas\Projects\Recovery Excel\recovery\target\classes started by hand_ in D:\Dimas\Projects\Recovery Excel\recovery)
2024-06-14 15:23:15,323 DEBUG o.s.b.StartupInfoLogger [main] Running with Spring Boot v3.1.2, Spring v6.0.11
2024-06-14 15:23:15,325 INFO o.s.b.SpringApplication [main] No active profile set, falling back to 1 default profile: "default"
2024-06-14 15:23:16,348 INFO o.s.b.w.e.t.TomcatWebServer [main] Tomcat initialized with port(s): 8380 (http)
2024-06-14 15:23:16,357 INFO o.a.j.l.DirectJDKLog [main] Initializing ProtocolHandler ["http-nio-8380"]
2024-06-14 15:23:16,360 INFO o.a.j.l.DirectJDKLog [main] Starting service [Tomcat]
2024-06-14 15:23:16,360 INFO o.a.j.l.DirectJDKLog [main] Starting Servlet engine: [Apache Tomcat/10.1.11]
2024-06-14 15:23:16,466 INFO o.a.j.l.DirectJDKLog [main] Initializing Spring embedded WebApplicationContext
2024-06-14 15:23:16,468 INFO o.s.b.w.s.c.ServletWebServerApplicationContext [main] Root WebApplicationContext: initialization completed in 1067 ms
2024-06-14 15:23:16,753 INFO o.s.b.a.w.s.WelcomePageHandlerMapping [main] Adding welcome page: class path resource [static/index.html]
2024-06-14 15:23:16,867 WARN o.s.b.a.t.ThymeleafAutoConfiguration$DefaultTemplateResolverConfiguration [main] Cannot find template location: classpath:/templates/ (please add some templates, check your Thymeleaf configuration, or set spring.thymeleaf.check-template-location=false)
2024-06-14 15:23:16,914 INFO o.a.j.l.DirectJDKLog [main] Starting ProtocolHandler ["http-nio-8380"]
2024-06-14 15:23:16,944 INFO o.s.b.w.e.t.TomcatWebServer [main] Tomcat started on port(s): 8380 (http) with context path ''
2024-06-14 15:23:16,953 INFO o.s.b.StartupInfoLogger [main] Started RecoveryApplication in 2.18 seconds (process running for 2.642)
2024-06-14 15:23:48,579 INFO o.a.j.l.DirectJDKLog [http-nio-8380-exec-1] Initializing Spring DispatcherServlet 'dispatcherServlet'
2024-06-14 15:23:48,579 INFO o.s.w.s.FrameworkServlet [http-nio-8380-exec-1] Initializing Servlet 'dispatcherServlet'
2024-06-14 15:23:48,580 INFO o.s.w.s.FrameworkServlet [http-nio-8380-exec-1] Completed initialization in 1 ms
2024-06-14 15:23:58,277 WARN o.s.w.s.h.AbstractHandlerExceptionResolver [http-nio-8380-exec-5] Resolved [org.springframework.web.HttpMediaTypeNotSupportedException: Content-Type 'application/octet-stream' is not supported]
2024-06-14 15:24:15,226 INFO c.b.r.c.FileController [http-nio-8380-exec-7] process upload file = test.xlsx
2024-06-14 15:24:15,229 INFO c.b.r.s.FileStorageService [http-nio-8380-exec-7] store file test.xlsx success
2024-06-14 15:24:15,230 INFO c.b.r.c.FileController [http-nio-8380-exec-7] Uploaded the file successfully: test.xlsx with name test.xlsx
2024-06-14 15:24:15,232 INFO c.b.r.s.PdfService [http-nio-8380-exec-7] create pdf file = GeneratedSQL-1718353455231.pdf
2024-06-14 15:24:15,887 INFO c.b.r.s.PdfService [http-nio-8380-exec-7] end of create pdf
