2024-06-06 14:24:08,812 INFO o.s.b.StartupInfoLogger [main] Starting RecoveryApplication using Java 19.0.1 with PID 16444 (D:\Dimas\Projects\Recovery Excel\recovery\target\classes started by hand_ in D:\Dimas\Projects\Recovery Excel\recovery)
2024-06-06 14:24:08,816 DEBUG o.s.b.StartupInfoLogger [main] Running with Spring Boot v3.1.2, Spring v6.0.11
2024-06-06 14:24:08,817 INFO o.s.b.SpringApplication [main] No active profile set, falling back to 1 default profile: "default"
2024-06-06 14:24:09,988 INFO o.s.b.w.e.t.TomcatWebServer [main] Tomcat initialized with port(s): 8380 (http)
2024-06-06 14:24:10,006 INFO o.a.j.l.DirectJDKLog [main] Initializing ProtocolHandler ["http-nio-8380"]
2024-06-06 14:24:10,013 INFO o.a.j.l.DirectJDKLog [main] Starting service [Tomcat]
2024-06-06 14:24:10,014 INFO o.a.j.l.DirectJDKLog [main] Starting Servlet engine: [Apache Tomcat/10.1.11]
2024-06-06 14:24:10,203 INFO o.a.j.l.DirectJDKLog [main] Initializing Spring embedded WebApplicationContext
2024-06-06 14:24:10,204 INFO o.s.b.w.s.c.ServletWebServerApplicationContext [main] Root WebApplicationContext: initialization completed in 1326 ms
2024-06-06 14:24:10,665 INFO o.s.b.a.w.s.WelcomePageHandlerMapping [main] Adding welcome page: class path resource [static/index.html]
2024-06-06 14:24:10,899 WARN o.s.b.a.t.ThymeleafAutoConfiguration$DefaultTemplateResolverConfiguration [main] Cannot find template location: classpath:/templates/ (please add some templates, check your Thymeleaf configuration, or set spring.thymeleaf.check-template-location=false)
2024-06-06 14:24:10,968 INFO o.a.j.l.DirectJDKLog [main] Starting ProtocolHandler ["http-nio-8380"]
2024-06-06 14:24:11,019 INFO o.s.b.w.e.t.TomcatWebServer [main] Tomcat started on port(s): 8380 (http) with context path ''
2024-06-06 14:24:11,031 INFO o.s.b.StartupInfoLogger [main] Started RecoveryApplication in 2.815 seconds (process running for 3.328)
2024-06-06 14:24:18,425 INFO o.a.j.l.DirectJDKLog [http-nio-8380-exec-2] Initializing Spring DispatcherServlet 'dispatcherServlet'
2024-06-06 14:24:18,425 INFO o.s.w.s.FrameworkServlet [http-nio-8380-exec-2] Initializing Servlet 'dispatcherServlet'
2024-06-06 14:24:18,427 INFO o.s.w.s.FrameworkServlet [http-nio-8380-exec-2] Completed initialization in 1 ms
2024-06-06 14:25:26,640 INFO o.s.b.StartupInfoLogger [main] Starting RecoveryApplication using Java 19.0.1 with PID 8420 (D:\Dimas\Projects\Recovery Excel\recovery\target\classes started by hand_ in D:\Dimas\Projects\Recovery Excel\recovery)
2024-06-06 14:25:26,642 DEBUG o.s.b.StartupInfoLogger [main] Running with Spring Boot v3.1.2, Spring v6.0.11
2024-06-06 14:25:26,643 INFO o.s.b.SpringApplication [main] No active profile set, falling back to 1 default profile: "default"
2024-06-06 14:25:27,528 INFO o.s.b.w.e.t.TomcatWebServer [main] Tomcat initialized with port(s): 8380 (http)
2024-06-06 14:25:27,538 INFO o.a.j.l.DirectJDKLog [main] Initializing ProtocolHandler ["http-nio-8380"]
2024-06-06 14:25:27,541 INFO o.a.j.l.DirectJDKLog [main] Starting service [Tomcat]
2024-06-06 14:25:27,543 INFO o.a.j.l.DirectJDKLog [main] Starting Servlet engine: [Apache Tomcat/10.1.11]
2024-06-06 14:25:27,645 INFO o.a.j.l.DirectJDKLog [main] Initializing Spring embedded WebApplicationContext
2024-06-06 14:25:27,648 INFO o.s.b.w.s.c.ServletWebServerApplicationContext [main] Root WebApplicationContext: initialization completed in 933 ms
2024-06-06 14:25:27,845 INFO o.s.b.a.w.s.WelcomePageHandlerMapping [main] Adding welcome page: class path resource [static/index.html]
2024-06-06 14:25:27,937 WARN o.s.b.a.t.ThymeleafAutoConfiguration$DefaultTemplateResolverConfiguration [main] Cannot find template location: classpath:/templates/ (please add some templates, check your Thymeleaf configuration, or set spring.thymeleaf.check-template-location=false)
2024-06-06 14:25:27,974 INFO o.a.j.l.DirectJDKLog [main] Starting ProtocolHandler ["http-nio-8380"]
2024-06-06 14:25:27,999 INFO o.s.b.w.e.t.TomcatWebServer [main] Tomcat started on port(s): 8380 (http) with context path ''
2024-06-06 14:25:28,007 INFO o.s.b.StartupInfoLogger [main] Started RecoveryApplication in 1.895 seconds (process running for 2.259)
2024-06-06 14:25:30,455 INFO o.a.j.l.DirectJDKLog [http-nio-8380-exec-1] Initializing Spring DispatcherServlet 'dispatcherServlet'
2024-06-06 14:25:30,455 INFO o.s.w.s.FrameworkServlet [http-nio-8380-exec-1] Initializing Servlet 'dispatcherServlet'
2024-06-06 14:25:30,456 INFO o.s.w.s.FrameworkServlet [http-nio-8380-exec-1] Completed initialization in 1 ms
